<?xml version="1.0" encoding="UTF-8"?>
<testng-results ignored="0" total="6" passed="6" failed="0" skipped="0">
  <reporter-output>
  </reporter-output>
  <suite started-at="2022-10-03T23:16:54 IST" name="Default suite" finished-at="2022-10-03T23:17:12 IST" duration-ms="18325">
    <groups>
    </groups>
    <test started-at="2022-10-03T23:16:54 IST" name="Default test" finished-at="2022-10-03T23:17:12 IST" duration-ms="18325">
      <class name="navinDhoteRest">
        <test-method signature="loginRequest()[pri:1, instance:navinDhoteRest@3738449f]" started-at="2022-10-03T23:16:54 IST" name="loginRequest" finished-at="2022-10-03T23:17:04 IST" duration-ms="9506" status="PASS">
          <reporter-output>
          </reporter-output>
        </test-method> <!-- loginRequest -->
        <test-method signature="userCreationRequest()[pri:2, instance:navinDhoteRest@3738449f]" started-at="2022-10-03T23:17:04 IST" name="userCreationRequest" finished-at="2022-10-03T23:17:05 IST" duration-ms="1721" status="PASS">
          <reporter-output>
          </reporter-output>
        </test-method> <!-- userCreationRequest -->
        <test-method signature="petCreationRequest()[pri:3, instance:navinDhoteRest@3738449f]" started-at="2022-10-03T23:17:05 IST" name="petCreationRequest" finished-at="2022-10-03T23:17:07 IST" duration-ms="1474" status="PASS">
          <reporter-output>
          </reporter-output>
        </test-method> <!-- petCreationRequest -->
        <test-method signature="placeOrderRequest()[pri:4, instance:navinDhoteRest@3738449f]" started-at="2022-10-03T23:17:07 IST" name="placeOrderRequest" finished-at="2022-10-03T23:17:09 IST" duration-ms="2538" status="PASS">
          <reporter-output>
          </reporter-output>
        </test-method> <!-- placeOrderRequest -->
        <test-method signature="getOrderRequest()[pri:5, instance:navinDhoteRest@3738449f]" started-at="2022-10-03T23:17:09 IST" name="getOrderRequest" finished-at="2022-10-03T23:17:11 IST" duration-ms="1503" status="PASS">
          <reporter-output>
          </reporter-output>
        </test-method> <!-- getOrderRequest -->
        <test-method signature="logout()[pri:6, instance:navinDhoteRest@3738449f]" started-at="2022-10-03T23:17:11 IST" name="logout" finished-at="2022-10-03T23:17:12 IST" duration-ms="1469" status="PASS">
          <reporter-output>
          </reporter-output>
        </test-method> <!-- logout -->
      </class> <!-- navinDhoteRest -->
    </test> <!-- Default test -->
  </suite> <!-- Default suite -->
</testng-results>
