<?xml version="1.0" encoding="UTF-8"?>
<!-- Generated by org.testng.reporters.JUnitXMLReporter -->
<testsuite ignored="0" hostname="LVAGPLTP4832" failures="0" tests="6" name="Default test" time="8.138" errors="0" timestamp="2022-10-04T10:54:31 EEST">
  <testcase classname="navinDhoteRest" name="loginRequest" time="3.278"/>
  <testcase classname="navinDhoteRest" name="userCreationRequest" time="0.946"/>
  <testcase classname="navinDhoteRest" name="petCreationRequest" time="0.828"/>
  <testcase classname="navinDhoteRest" name="placeOrderRequest" time="1.415"/>
  <testcase classname="navinDhoteRest" name="getOrderRequest" time="0.783"/>
  <testcase classname="navinDhoteRest" name="logout" time="0.809"/>
</testsuite> <!-- Default test -->
