<?xml version="1.0" encoding="UTF-8"?>
<!-- Generated by org.testng.reporters.JUnitXMLReporter -->
<testsuite ignored="0" hostname="LVAGPLTP4832" failures="0" tests="6" name="Default test" time="8.219" errors="0" timestamp="2022-10-04T11:02:54 EEST">
  <testcase classname="com.petstore.test.PetStoreTest" name="loginRequest" time="3.366"/>
  <testcase classname="com.petstore.test.PetStoreTest" name="userCreationRequest" time="0.919"/>
  <testcase classname="com.petstore.test.PetStoreTest" name="petCreationRequest" time="0.806"/>
  <testcase classname="com.petstore.test.PetStoreTest" name="placeOrderRequest" time="1.536"/>
  <testcase classname="com.petstore.test.PetStoreTest" name="getOrderRequest" time="0.782"/>
  <testcase classname="com.petstore.test.PetStoreTest" name="logout" time="0.748"/>
</testsuite> <!-- Default test -->
