<?xml version="1.0" encoding="UTF-8"?>
<testng-results ignored="6" total="6" passed="0" failed="0" skipped="0">
  <reporter-output>
  </reporter-output>
  <suite started-at="2022-10-04T10:57:09 EEST" name="Failed suite [Default suite]" finished-at="2022-10-04T10:57:09 EEST" duration-ms="9">
    <groups>
    </groups>
    <test started-at="2022-10-04T10:57:09 EEST" name="Default test(failed)" finished-at="2022-10-04T10:57:09 EEST" duration-ms="9">
    </test> <!-- Default test(failed) -->
  </suite> <!-- Failed suite [Default suite] -->
</testng-results>
