<?xml version="1.0" encoding="UTF-8"?>
<testng-results ignored="0" total="6" passed="6" failed="0" skipped="0">
  <reporter-output>
  </reporter-output>
  <suite started-at="2022-10-04T11:02:45 EEST" name="Default suite" finished-at="2022-10-04T11:02:54 EEST" duration-ms="8219">
    <groups>
    </groups>
    <test started-at="2022-10-04T11:02:45 EEST" name="Default test" finished-at="2022-10-04T11:02:54 EEST" duration-ms="8219">
      <class name="com.petstore.test.PetStoreTest">
        <test-method signature="loginRequest()[pri:1, instance:com.petstore.test.PetStoreTest@747edf66]" started-at="2022-10-04T11:02:45 EEST" name="loginRequest" finished-at="2022-10-04T11:02:49 EEST" duration-ms="3366" status="PASS">
          <reporter-output>
          </reporter-output>
        </test-method> <!-- loginRequest -->
        <test-method signature="userCreationRequest()[pri:2, instance:com.petstore.test.PetStoreTest@747edf66]" started-at="2022-10-04T11:02:49 EEST" name="userCreationRequest" finished-at="2022-10-04T11:02:50 EEST" duration-ms="919" status="PASS">
          <reporter-output>
          </reporter-output>
        </test-method> <!-- userCreationRequest -->
        <test-method signature="petCreationRequest()[pri:3, instance:com.petstore.test.PetStoreTest@747edf66]" started-at="2022-10-04T11:02:50 EEST" name="petCreationRequest" finished-at="2022-10-04T11:02:50 EEST" duration-ms="806" status="PASS">
          <reporter-output>
          </reporter-output>
        </test-method> <!-- petCreationRequest -->
        <test-method signature="placeOrderRequest()[pri:4, instance:com.petstore.test.PetStoreTest@747edf66]" started-at="2022-10-04T11:02:50 EEST" name="placeOrderRequest" finished-at="2022-10-04T11:02:52 EEST" duration-ms="1536" status="PASS">
          <reporter-output>
          </reporter-output>
        </test-method> <!-- placeOrderRequest -->
        <test-method signature="getOrderRequest()[pri:5, instance:com.petstore.test.PetStoreTest@747edf66]" started-at="2022-10-04T11:02:52 EEST" name="getOrderRequest" finished-at="2022-10-04T11:02:53 EEST" duration-ms="782" status="PASS">
          <reporter-output>
          </reporter-output>
        </test-method> <!-- getOrderRequest -->
        <test-method signature="logout()[pri:6, instance:com.petstore.test.PetStoreTest@747edf66]" started-at="2022-10-04T11:02:53 EEST" name="logout" finished-at="2022-10-04T11:02:54 EEST" duration-ms="748" status="PASS">
          <reporter-output>
          </reporter-output>
        </test-method> <!-- logout -->
      </class> <!-- com.petstore.test.PetStoreTest -->
    </test> <!-- Default test -->
  </suite> <!-- Default suite -->
</testng-results>
