<?xml version="1.0" encoding="UTF-8"?>
<!-- Generated by org.testng.reporters.JUnitXMLReporter -->
<testsuite ignored="6" hostname="LVAGPLTP4832" failures="0" tests="0" time="0.009" errors="0" timestamp="2022-10-04T10:57:09 EEST">
  <testcase classname="navinDhoteRest" name="getOrderRequest" time="0.0">
    <ignored/>
  </testcase> <!-- getOrderRequest -->
  <testcase classname="navinDhoteRest" name="placeOrderRequest" time="0.0">
    <ignored/>
  </testcase> <!-- placeOrderRequest -->
  <testcase classname="navinDhoteRest" name="userCreationRequest" time="0.0">
    <ignored/>
  </testcase> <!-- userCreationRequest -->
  <testcase classname="navinDhoteRest" name="logout" time="0.0">
    <ignored/>
  </testcase> <!-- logout -->
  <testcase classname="navinDhoteRest" name="loginRequest" time="0.0">
    <ignored/>
  </testcase> <!-- loginRequest -->
  <testcase classname="navinDhoteRest" name="petCreationRequest" time="0.0">
    <ignored/>
  </testcase> <!-- petCreationRequest -->
</testsuite>
